[1121/200749.452:ERROR:backend_impl.cc(1041)] Critical error found -8
[1121/200749.453:ERROR:entry_impl.cc(1075)] No file for c10300de
[1121/200749.453:WARNING:storage_block-inl.h(146)] Failed data load.
[1121/200749.453:WARNING:storage_block-inl.h(146)] Failed data load.
[1121/200749.453:WARNING:storage_block-inl.h(146)] Failed data load.
[1121/200749.453:WARNING:storage_block-inl.h(146)] Failed data load.
[1121/200749.453:ERROR:entry_impl.cc(1075)] No file for c10300d8
[1121/200749.453:WARNING:storage_block-inl.h(146)] Failed data load.
[1121/200749.454:WARNING:storage_block-inl.h(146)] Failed data load.
[1121/200749.454:WARNING:storage_block-inl.h(146)] Failed data load.
[1121/200749.454:WARNING:storage_block-inl.h(146)] Failed data load.
[1121/200749.454:ERROR:entry_impl.cc(1075)] No file for c10300da
[1121/200749.454:WARNING:storage_block-inl.h(146)] Failed data load.
[1121/200749.454:WARNING:storage_block-inl.h(146)] Failed data load.
[1121/200749.454:WARNING:storage_block-inl.h(146)] Failed data load.
[1121/200749.454:WARNING:storage_block-inl.h(146)] Failed data load.
[1121/200749.454:ERROR:entry_impl.cc(1075)] No file for c10300e4
[1121/200749.455:WARNING:storage_block-inl.h(146)] Failed data load.
[1121/200749.455:WARNING:storage_block-inl.h(146)] Failed data load.
[1121/200749.455:WARNING:storage_block-inl.h(146)] Failed data load.
[1121/200749.455:WARNING:storage_block-inl.h(146)] Failed data load.
[1121/200751.691:WARNING:value_store_frontend.cc(45)] Reading mhjfbmdgcfjbbpaeojofohoefgiehjai.alarms from  failed: IO error: .../MANIFEST-000001: Unable to create sequential file (ChromeMethodBFE: 7::NewSequentialFile::1)
[1121/200947.512:ERROR:gpu_init.cc(426)] Passthrough is not supported, GL is disabled
