[1122/171405.939:WARNING:backend_impl.cc(1616)] Messed up entry found.
[1122/171405.939:WARNING:backend_impl.cc(1616)] Messed up entry found.
[1122/171405.940:WARNING:backend_impl.cc(1616)] Messed up entry found.
[1122/171405.940:ERROR:backend_impl.cc(1041)] Critical error found -8
[1122/171405.940:WARNING:storage_block-inl.h(146)] Failed data load.
[1122/171405.946:WARNING:storage_block-inl.h(146)] Failed data load.
[1122/171405.946:WARNING:storage_block-inl.h(146)] Failed data load.
[1122/171405.946:WARNING:storage_block-inl.h(146)] Failed data load.
[1122/171405.946:ERROR:entry_impl.cc(1075)] No file for c1030002
[1122/171405.947:WARNING:storage_block-inl.h(146)] Failed data load.
[1122/171406.241:WARNING:storage_block-inl.h(146)] Failed data load.
[1122/171406.241:WARNING:storage_block-inl.h(146)] Failed data load.
[1122/171406.242:WARNING:storage_block-inl.h(146)] Failed data load.
[1122/171406.242:WARNING:storage_block-inl.h(146)] Failed data load.
[1122/171406.242:WARNING:storage_block-inl.h(146)] Failed data load.
[1122/171406.242:WARNING:storage_block-inl.h(146)] Failed data load.
[1122/171406.242:WARNING:storage_block-inl.h(146)] Failed data load.
[1122/171406.242:WARNING:storage_block-inl.h(146)] Failed data load.
[1122/171406.242:WARNING:storage_block-inl.h(146)] Failed data load.
[1122/171406.242:WARNING:storage_block-inl.h(146)] Failed data load.
[1122/171406.242:WARNING:storage_block-inl.h(146)] Failed data load.
[1122/171406.242:WARNING:storage_block-inl.h(146)] Failed data load.
[1122/171406.243:WARNING:storage_block-inl.h(146)] Failed data load.
[1122/171406.243:WARNING:storage_block-inl.h(146)] Failed data load.
[1122/171406.244:WARNING:storage_block-inl.h(146)] Failed data load.
[1122/171406.244:WARNING:storage_block-inl.h(146)] Failed data load.
[1122/171406.246:ERROR:entry_impl.cc(998)] Failed to save user data
[1122/171406.246:ERROR:entry_impl.cc(998)] Failed to save user data
[1122/171406.247:ERROR:entry_impl.cc(998)] Failed to save user data
[1122/171406.247:ERROR:entry_impl.cc(998)] Failed to save user data
[1122/171406.247:ERROR:entry_impl.cc(998)] Failed to save user data
[1122/171406.247:ERROR:entry_impl.cc(998)] Failed to save user data
[1122/171426.498:WARNING:value_store_frontend.cc(45)] Reading mhjfbmdgcfjbbpaeojofohoefgiehjai.alarms from  failed: IO error: .../MANIFEST-000001: Unable to create sequential file (ChromeMethodBFE: 7::NewSequentialFile::1)
[1122/171602.662:ERROR:gpu_init.cc(426)] Passthrough is not supported, GL is disabled
